> --@@xlib_base/_install.sql
> --@@xlib_http/_user_install.sql
> @@xlib_jasperreports/_user_install.sql
~~~~~~~~~~~~~~~~~~~~~~~~~~~~~~~~~~~~~~~~~~~~~~~~~~~~~
~~ check installation requirements
~~~~~~~~~~~~~~~~~~~~~~~~~~~~~~~~~~~~~~~~~~~~~~~~~~~~~
Commit

Fehler beim Start in Zeile 27 in Befehl:
BEGIN
  xlib_component.verify_required_component(p_comp_name => 'XLIB_BASE', p_comp_version_min => '0.8.0.0');
  xlib_component.verify_required_component(p_comp_name => 'XLIB_HTTP', p_comp_version_min => '0.8.0.0');
END;
Fehlerbericht:
ORA-01403: no data found
ORA-06512: at "TEST.XLIB_COMPONENT", line 105
ORA-06512: at "TEST.XLIB_COMPONENT", line 185
ORA-06512: at line 2
01403. 00000 -  "no data found"
*Cause:    
*Action:
